c:\software\dta\dta\x64\release\dta.obj
c:\software\dta\dta\x64\release\assign_trips.obj
c:\software\dta\dta\x64\release\process_trips.obj
c:\software\dta\dta\x64\release\write_volumes.obj
c:\software\dta\dta\x64\release\control.obj
c:\software\dta\dta\x64\release\toll_choice.obj
c:\software\dta\dta\x64\release\alt_path.obj
c:\software\dta\dta\x64\release\read_tolls.obj
c:\software\dta\dta\x64\release\read_links.obj
c:\software\dta\dta\x64\release\build_path.obj
c:\software\dta\dta\x64\release\update_time_cost.obj
c:\software\dta\dta\x64\release\execute.obj
c:\software\dta\dta\x64\release\read_trips.obj
c:\software\dta\dta\x64\release\load_path.obj
c:\software\dta\dta\x64\release\read_nodes.obj
c:\software\dta\dta\x64\release\file_types.obj
c:\software\dta\dta\x64\release\gap_report.obj
c:\software\dta\dta\x64\release\vc141.pdb
c:\software\dta\dta\x64\release\gap_data.obj
c:\software\dta\x64\release\dta.ipdb
c:\software\dta\x64\release\dta.iobj
c:\software\dta\x64\release\dta.exe
c:\software\dta\x64\release\dta.pdb
c:\software\dta\dta\x64\release\dta.tlog\cl.command.1.tlog
c:\software\dta\dta\x64\release\dta.tlog\cl.read.1.tlog
c:\software\dta\dta\x64\release\dta.tlog\cl.write.1.tlog
c:\software\dta\dta\x64\release\dta.tlog\dta.write.1u.tlog
c:\software\dta\dta\x64\release\dta.tlog\link.command.1.tlog
c:\software\dta\dta\x64\release\dta.tlog\link.read.1.tlog
c:\software\dta\dta\x64\release\dta.tlog\link.write.1.tlog
