c:\software\dta\syslib\x64\release\control_service.obj
c:\software\dta\syslib\x64\release\range_data.obj
c:\software\dta\syslib\x64\release\db_status.obj
c:\software\dta\syslib\x64\release\report_service.obj
c:\software\dta\syslib\x64\release\execution_service.obj
c:\software\dta\syslib\x64\release\data_range.obj
c:\software\dta\syslib\x64\release\db_header.obj
c:\software\dta\syslib\x64\release\random.obj
c:\software\dta\syslib\x64\release\time_periods.obj
c:\software\dta\syslib\x64\release\db_file.obj
c:\software\dta\syslib\x64\release\buffer.obj
c:\software\dta\syslib\x64\release\streams.obj
c:\software\dta\syslib\x64\release\db_field.obj
c:\software\dta\syslib\x64\release\message_service.obj
c:\software\dta\syslib\x64\release\db_base.obj
c:\software\dta\syslib\x64\release\data_buffer.obj
c:\software\dta\syslib\x64\release\string.obj
c:\software\dta\syslib\x64\release\db_record.obj
c:\software\dta\syslib\x64\release\static_service.obj
c:\software\dta\syslib\x64\release\syslib.pdb
c:\software\dta\x64\release\syslib.lib
c:\software\dta\syslib\x64\release\syslib.tlog\cl.command.1.tlog
c:\software\dta\syslib\x64\release\syslib.tlog\cl.read.1.tlog
c:\software\dta\syslib\x64\release\syslib.tlog\cl.write.1.tlog
c:\software\dta\syslib\x64\release\syslib.tlog\lib-link.write.1.tlog
c:\software\dta\syslib\x64\release\syslib.tlog\lib.command.1.tlog
c:\software\dta\syslib\x64\release\syslib.tlog\lib.read.1.tlog
